<?xml version="1.0" encoding="UTF-8"?>
<!-- Generated by org.testng.reporters.JUnitReportReporter -->
<testsuite hostname="PRANIKET" failures="0" tests="1" name="NEW_TESTNG.Assert_Example" time="0.021" errors="0" timestamp="2022-12-22T10:03:32 IST" skipped="0">
  <testcase classname="NEW_TESTNG.Assert_Example" name="assett_1" time="0.021"/>
  <system-out/>
</testsuite> <!-- NEW_TESTNG.Assert_Example -->
