<?xml version="1.0" encoding="UTF-8"?>
<!-- Generated by org.testng.reporters.JUnitReportReporter -->
<testsuite hostname="PRANIKET" failures="0" tests="2" name="NEW_TESTNG.Test_1" time="0.036" errors="0" timestamp="2022-12-21T11:31:11 IST" skipped="0">
  <testcase classname="NEW_TESTNG.Test_1" name="userReg" time="0.012"/>
  <system-out>
    <![CDATA[user Registered]]>
  </system-out>
  <testcase classname="NEW_TESTNG.Test_1" name="CustReg" time="0.024"/>
  <system-out>
    <![CDATA[Cust Registered]]>
  </system-out>
</testsuite> <!-- NEW_TESTNG.Test_1 -->
